2025-10-16 11:24:19,506 - INFO - Application directory: C:\Users\Rudra\OneDrive\Desktop\ClipBoard-Manager-Tool
2025-10-16 11:24:19,506 - INFO - Log file location: C:\Users\Rudra\OneDrive\Desktop\ClipBoard-Manager-Tool\sys-logs\clipboard-manager-2025-10-16.log
2025-10-16 11:24:20,906 - INFO - Initializing ClipboardManager
2025-10-16 11:24:45,362 - INFO - Saved to DB: remove the os title bar and ad...
2025-10-16 11:24:45,368 - INFO - Removing placeholder
2025-10-16 11:24:45,385 - INFO - Adding label to layout
2025-10-16 11:24:45,391 - INFO - Text already exists in DB for today
2025-10-16 11:31:26,821 - INFO - Saved to DB: remove the os title bar and ad...
2025-10-16 11:31:26,829 - INFO - Adding label to layout
2025-10-16 11:31:26,832 - INFO - Text already exists in DB for today
2025-10-16 11:31:45,152 - INFO - Saved to DB: class Ui_MainWindow(object):
 ...
2025-10-16 11:31:45,165 - INFO - Adding label to layout
2025-10-16 11:31:45,168 - INFO - Text already exists in DB for today
2025-10-16 11:40:07,239 - INFO - Application directory: C:\Users\Rudra\OneDrive\Desktop\ClipBoard-Manager-Tool
2025-10-16 11:40:07,241 - INFO - Log file location: C:\Users\Rudra\OneDrive\Desktop\ClipBoard-Manager-Tool\sys-logs\clipboard-manager-2025-10-16.log
2025-10-16 11:40:08,697 - INFO - Initializing ClipboardManager
2025-10-16 11:40:08,750 - INFO - Removing placeholder
2025-10-16 11:40:08,757 - INFO - Adding label to layout
2025-10-16 11:40:08,757 - INFO - Text already exists in DB for today
2025-10-16 11:40:08,757 - INFO - Adding label to layout
2025-10-16 11:40:08,757 - INFO - Text already exists in DB for today
2025-10-16 11:40:08,757 - INFO - Adding label to layout
2025-10-16 11:40:08,764 - INFO - Text already exists in DB for today
2025-10-16 11:41:08,564 - INFO - Application directory: C:\Users\Rudra\OneDrive\Desktop\ClipBoard-Manager-Tool
2025-10-16 11:41:08,567 - INFO - Log file location: C:\Users\Rudra\OneDrive\Desktop\ClipBoard-Manager-Tool\sys-logs\clipboard-manager-2025-10-16.log
2025-10-16 11:41:08,958 - INFO - Initializing ClipboardManager
2025-10-16 11:41:08,967 - INFO - Removing placeholder
2025-10-16 11:41:08,974 - INFO - Adding label to layout
2025-10-16 11:41:08,980 - INFO - Text already exists in DB for today
2025-10-16 11:41:08,987 - INFO - Adding label to layout
2025-10-16 11:41:08,987 - INFO - Text already exists in DB for today
2025-10-16 11:41:08,987 - INFO - Adding label to layout
2025-10-16 11:41:08,987 - INFO - Text already exists in DB for today
2025-10-16 11:56:35,057 - INFO - Application directory: C:\Users\Rudra\OneDrive\Desktop\ClipBoard-Manager-Tool
2025-10-16 11:56:35,057 - INFO - Log file location: C:\Users\Rudra\OneDrive\Desktop\ClipBoard-Manager-Tool\sys-logs\clipboard-manager-2025-10-16.log
2025-10-16 11:56:36,837 - INFO - Initializing ClipboardManager
2025-10-16 11:56:36,855 - INFO - Removing placeholder
2025-10-16 11:56:36,867 - INFO - Adding label to layout
2025-10-16 11:56:36,870 - INFO - Text already exists in DB for today
2025-10-16 11:56:36,872 - INFO - Adding label to layout
2025-10-16 11:56:36,872 - INFO - Text already exists in DB for today
2025-10-16 11:56:36,874 - INFO - Adding label to layout
2025-10-16 11:56:36,876 - INFO - Text already exists in DB for today
2025-10-16 11:57:08,939 - INFO - Saved to DB: self.setWindowTitle("no title"...
2025-10-16 11:57:08,943 - INFO - Adding label to layout
2025-10-16 11:57:08,945 - INFO - Text already exists in DB for today
2025-10-16 11:57:54,847 - INFO - Application directory: C:\Users\Rudra\OneDrive\Desktop\ClipBoard-Manager-Tool
2025-10-16 11:57:54,847 - INFO - Log file location: C:\Users\Rudra\OneDrive\Desktop\ClipBoard-Manager-Tool\sys-logs\clipboard-manager-2025-10-16.log
2025-10-16 11:57:55,550 - INFO - Initializing ClipboardManager
2025-10-16 11:57:55,569 - INFO - Removing placeholder
2025-10-16 11:57:55,577 - INFO - Adding label to layout
2025-10-16 11:57:55,577 - INFO - Text already exists in DB for today
2025-10-16 11:57:55,588 - INFO - Adding label to layout
2025-10-16 11:57:55,591 - INFO - Text already exists in DB for today
2025-10-16 11:57:55,599 - INFO - Adding label to layout
2025-10-16 11:57:55,601 - INFO - Text already exists in DB for today
2025-10-16 11:57:55,604 - INFO - Adding label to layout
2025-10-16 11:57:55,605 - INFO - Text already exists in DB for today
2025-10-16 11:58:20,777 - INFO - Application directory: C:\Users\Rudra\OneDrive\Desktop\ClipBoard-Manager-Tool
2025-10-16 11:58:20,777 - INFO - Log file location: C:\Users\Rudra\OneDrive\Desktop\ClipBoard-Manager-Tool\sys-logs\clipboard-manager-2025-10-16.log
2025-10-16 11:58:21,509 - INFO - Initializing ClipboardManager
2025-10-16 11:58:21,519 - INFO - Removing placeholder
2025-10-16 11:58:21,526 - INFO - Adding label to layout
2025-10-16 11:58:21,527 - INFO - Text already exists in DB for today
2025-10-16 11:58:21,528 - INFO - Adding label to layout
2025-10-16 11:58:21,528 - INFO - Text already exists in DB for today
2025-10-16 11:58:21,535 - INFO - Adding label to layout
2025-10-16 11:58:21,539 - INFO - Text already exists in DB for today
2025-10-16 11:58:21,539 - INFO - Adding label to layout
2025-10-16 11:58:21,539 - INFO - Text already exists in DB for today
2025-10-16 11:58:48,447 - INFO - Application directory: C:\Users\Rudra\OneDrive\Desktop\ClipBoard-Manager-Tool
2025-10-16 11:58:48,447 - INFO - Log file location: C:\Users\Rudra\OneDrive\Desktop\ClipBoard-Manager-Tool\sys-logs\clipboard-manager-2025-10-16.log
2025-10-16 11:58:49,187 - INFO - Initializing ClipboardManager
2025-10-16 11:58:49,197 - INFO - Removing placeholder
2025-10-16 11:58:49,208 - INFO - Adding label to layout
2025-10-16 11:58:49,210 - INFO - Text already exists in DB for today
2025-10-16 11:58:49,213 - INFO - Adding label to layout
2025-10-16 11:58:49,214 - INFO - Text already exists in DB for today
2025-10-16 11:58:49,223 - INFO - Adding label to layout
2025-10-16 11:58:49,227 - INFO - Text already exists in DB for today
2025-10-16 11:58:49,232 - INFO - Adding label to layout
2025-10-16 11:58:49,235 - INFO - Text already exists in DB for today
2025-10-16 11:59:16,397 - INFO - Application directory: C:\Users\Rudra\OneDrive\Desktop\ClipBoard-Manager-Tool
2025-10-16 11:59:16,397 - INFO - Log file location: C:\Users\Rudra\OneDrive\Desktop\ClipBoard-Manager-Tool\sys-logs\clipboard-manager-2025-10-16.log
2025-10-16 11:59:17,145 - INFO - Initializing ClipboardManager
2025-10-16 11:59:17,159 - INFO - Removing placeholder
2025-10-16 11:59:17,166 - INFO - Adding label to layout
2025-10-16 11:59:17,166 - INFO - Text already exists in DB for today
2025-10-16 11:59:17,169 - INFO - Adding label to layout
2025-10-16 11:59:17,170 - INFO - Text already exists in DB for today
2025-10-16 11:59:17,173 - INFO - Adding label to layout
2025-10-16 11:59:17,177 - INFO - Text already exists in DB for today
2025-10-16 11:59:17,182 - INFO - Adding label to layout
2025-10-16 11:59:17,183 - INFO - Text already exists in DB for today
2025-10-16 12:04:54,935 - INFO - Application directory: C:\Users\Rudra\OneDrive\Desktop\ClipBoard-Manager-Tool
2025-10-16 12:04:54,937 - INFO - Log file location: C:\Users\Rudra\OneDrive\Desktop\ClipBoard-Manager-Tool\sys-logs\clipboard-manager-2025-10-16.log
2025-10-16 12:04:56,587 - INFO - Initializing ClipboardManager
2025-10-16 12:04:56,624 - INFO - Removing placeholder
2025-10-16 12:04:56,640 - INFO - Adding label to layout
2025-10-16 12:04:56,643 - INFO - Text already exists in DB for today
2025-10-16 12:04:56,645 - INFO - Adding label to layout
2025-10-16 12:04:56,646 - INFO - Text already exists in DB for today
2025-10-16 12:04:56,651 - INFO - Adding label to layout
2025-10-16 12:04:56,652 - INFO - Text already exists in DB for today
2025-10-16 12:04:56,655 - INFO - Adding label to layout
2025-10-16 12:04:56,661 - INFO - Text already exists in DB for today
2025-10-16 12:05:27,417 - INFO - Application directory: C:\Users\Rudra\OneDrive\Desktop\ClipBoard-Manager-Tool
2025-10-16 12:05:27,420 - INFO - Log file location: C:\Users\Rudra\OneDrive\Desktop\ClipBoard-Manager-Tool\sys-logs\clipboard-manager-2025-10-16.log
2025-10-16 12:05:28,047 - INFO - Initializing ClipboardManager
2025-10-16 12:05:28,061 - INFO - Removing placeholder
2025-10-16 12:05:28,071 - INFO - Adding label to layout
2025-10-16 12:05:28,073 - INFO - Text already exists in DB for today
2025-10-16 12:05:28,074 - INFO - Adding label to layout
2025-10-16 12:05:28,074 - INFO - Text already exists in DB for today
2025-10-16 12:05:28,081 - INFO - Adding label to layout
2025-10-16 12:05:28,081 - INFO - Text already exists in DB for today
2025-10-16 12:05:28,086 - INFO - Adding label to layout
2025-10-16 12:05:28,088 - INFO - Text already exists in DB for today
2025-10-16 12:06:27,300 - INFO - Application directory: C:\Users\Rudra\OneDrive\Desktop\ClipBoard-Manager-Tool
2025-10-16 12:06:27,300 - INFO - Log file location: C:\Users\Rudra\OneDrive\Desktop\ClipBoard-Manager-Tool\sys-logs\clipboard-manager-2025-10-16.log
2025-10-16 12:06:28,017 - INFO - Initializing ClipboardManager
2025-10-16 12:06:28,017 - INFO - Removing placeholder
2025-10-16 12:06:28,030 - INFO - Adding label to layout
2025-10-16 12:06:28,031 - INFO - Text already exists in DB for today
2025-10-16 12:06:28,032 - INFO - Adding label to layout
2025-10-16 12:06:28,033 - INFO - Text already exists in DB for today
2025-10-16 12:06:28,037 - INFO - Adding label to layout
2025-10-16 12:06:28,040 - INFO - Text already exists in DB for today
2025-10-16 12:06:28,046 - INFO - Adding label to layout
2025-10-16 12:06:28,048 - INFO - Text already exists in DB for today
2025-10-16 12:11:28,847 - INFO - Application directory: C:\Users\Rudra\OneDrive\Desktop\ClipBoard-Manager-Tool
2025-10-16 12:11:28,847 - INFO - Log file location: C:\Users\Rudra\OneDrive\Desktop\ClipBoard-Manager-Tool\sys-logs\clipboard-manager-2025-10-16.log
2025-10-16 12:11:30,157 - INFO - Initializing ClipboardManager
2025-10-16 12:11:30,175 - INFO - Removing placeholder
2025-10-16 12:11:30,179 - INFO - Adding label to layout
2025-10-16 12:11:30,180 - INFO - Text already exists in DB for today
2025-10-16 12:11:30,182 - INFO - Adding label to layout
2025-10-16 12:11:30,183 - INFO - Text already exists in DB for today
2025-10-16 12:11:30,187 - INFO - Adding label to layout
2025-10-16 12:11:30,187 - INFO - Text already exists in DB for today
2025-10-16 12:11:30,194 - INFO - Adding label to layout
2025-10-16 12:11:30,196 - INFO - Text already exists in DB for today
2025-10-16 12:11:47,697 - INFO - Application directory: C:\Users\Rudra\OneDrive\Desktop\ClipBoard-Manager-Tool
2025-10-16 12:11:47,697 - INFO - Log file location: C:\Users\Rudra\OneDrive\Desktop\ClipBoard-Manager-Tool\sys-logs\clipboard-manager-2025-10-16.log
2025-10-16 12:11:48,554 - INFO - Initializing ClipboardManager
2025-10-16 12:11:48,567 - INFO - Removing placeholder
2025-10-16 12:11:48,574 - INFO - Adding label to layout
2025-10-16 12:11:48,575 - INFO - Text already exists in DB for today
2025-10-16 12:11:48,577 - INFO - Adding label to layout
2025-10-16 12:11:48,580 - INFO - Text already exists in DB for today
2025-10-16 12:11:48,587 - INFO - Adding label to layout
2025-10-16 12:11:48,590 - INFO - Text already exists in DB for today
2025-10-16 12:11:48,593 - INFO - Adding label to layout
2025-10-16 12:11:48,595 - INFO - Text already exists in DB for today
2025-10-16 12:12:34,537 - INFO - Application directory: C:\Users\Rudra\OneDrive\Desktop\ClipBoard-Manager-Tool
2025-10-16 12:12:34,537 - INFO - Log file location: C:\Users\Rudra\OneDrive\Desktop\ClipBoard-Manager-Tool\sys-logs\clipboard-manager-2025-10-16.log
2025-10-16 12:12:35,259 - INFO - Initializing ClipboardManager
2025-10-16 12:12:35,267 - INFO - Removing placeholder
2025-10-16 12:12:35,272 - INFO - Adding label to layout
2025-10-16 12:12:35,273 - INFO - Text already exists in DB for today
2025-10-16 12:12:35,275 - INFO - Adding label to layout
2025-10-16 12:12:35,276 - INFO - Text already exists in DB for today
2025-10-16 12:12:35,279 - INFO - Adding label to layout
2025-10-16 12:12:35,280 - INFO - Text already exists in DB for today
2025-10-16 12:12:35,281 - INFO - Adding label to layout
2025-10-16 12:12:35,287 - INFO - Text already exists in DB for today
2025-10-16 12:14:29,978 - INFO - Application directory: C:\Users\Rudra\OneDrive\Desktop\ClipBoard-Manager-Tool
2025-10-16 12:14:29,978 - INFO - Log file location: C:\Users\Rudra\OneDrive\Desktop\ClipBoard-Manager-Tool\sys-logs\clipboard-manager-2025-10-16.log
2025-10-16 12:14:30,718 - INFO - Initializing ClipboardManager
2025-10-16 12:14:30,734 - INFO - Removing placeholder
2025-10-16 12:14:30,743 - INFO - Adding label to layout
2025-10-16 12:14:30,744 - INFO - Text already exists in DB for today
2025-10-16 12:14:30,749 - INFO - Adding label to layout
2025-10-16 12:14:30,749 - INFO - Text already exists in DB for today
2025-10-16 12:14:30,762 - INFO - Adding label to layout
2025-10-16 12:14:30,765 - INFO - Text already exists in DB for today
2025-10-16 12:14:30,768 - INFO - Adding label to layout
2025-10-16 12:14:30,768 - INFO - Text already exists in DB for today
2025-10-16 12:14:53,168 - INFO - Saved to DB: HEADER_NAME_STYLE...
2025-10-16 12:14:53,177 - INFO - Adding label to layout
2025-10-16 12:14:53,177 - INFO - Text already exists in DB for today
2025-10-16 12:18:34,407 - INFO - Saved to DB: 252525...
2025-10-16 12:18:34,410 - INFO - Adding label to layout
2025-10-16 12:18:34,410 - INFO - Text already exists in DB for today
2025-10-16 12:19:58,297 - INFO - Application directory: C:\Users\Rudra\OneDrive\Desktop\ClipBoard-Manager-Tool
2025-10-16 12:19:58,297 - INFO - Log file location: C:\Users\Rudra\OneDrive\Desktop\ClipBoard-Manager-Tool\sys-logs\clipboard-manager-2025-10-16.log
2025-10-16 12:19:59,958 - INFO - Initializing ClipboardManager
2025-10-16 12:19:59,981 - INFO - Removing placeholder
2025-10-16 12:19:59,991 - INFO - Adding label to layout
2025-10-16 12:19:59,994 - INFO - Text already exists in DB for today
2025-10-16 12:19:59,997 - INFO - Adding label to layout
2025-10-16 12:20:00,000 - INFO - Text already exists in DB for today
2025-10-16 12:20:00,010 - INFO - Adding label to layout
2025-10-16 12:20:00,014 - INFO - Text already exists in DB for today
2025-10-16 12:20:00,019 - INFO - Adding label to layout
2025-10-16 12:20:00,024 - INFO - Text already exists in DB for today
2025-10-16 12:20:00,033 - INFO - Adding label to layout
2025-10-16 12:20:00,037 - INFO - Text already exists in DB for today
2025-10-16 12:20:00,041 - INFO - Adding label to layout
2025-10-16 12:20:00,044 - INFO - Text already exists in DB for today
2025-10-16 12:21:34,723 - INFO - Application directory: C:\Users\Rudra\OneDrive\Desktop\ClipBoard-Manager-Tool
2025-10-16 12:21:34,723 - INFO - Log file location: C:\Users\Rudra\OneDrive\Desktop\ClipBoard-Manager-Tool\sys-logs\clipboard-manager-2025-10-16.log
2025-10-16 12:21:35,728 - INFO - Initializing ClipboardManager
2025-10-16 12:21:35,739 - INFO - Removing placeholder
2025-10-16 12:21:35,751 - INFO - Adding label to layout
2025-10-16 12:21:35,753 - INFO - Text already exists in DB for today
2025-10-16 12:21:35,758 - INFO - Adding label to layout
2025-10-16 12:21:35,759 - INFO - Text already exists in DB for today
2025-10-16 12:21:35,769 - INFO - Adding label to layout
2025-10-16 12:21:35,776 - INFO - Text already exists in DB for today
2025-10-16 12:21:35,779 - INFO - Adding label to layout
2025-10-16 12:21:35,783 - INFO - Text already exists in DB for today
2025-10-16 12:21:35,788 - INFO - Adding label to layout
2025-10-16 12:21:35,792 - INFO - Text already exists in DB for today
2025-10-16 12:21:35,800 - INFO - Adding label to layout
2025-10-16 12:21:35,801 - INFO - Text already exists in DB for today
2025-10-16 12:23:04,664 - INFO - Application directory: C:\Users\Rudra\OneDrive\Desktop\ClipBoard-Manager-Tool
2025-10-16 12:23:04,664 - INFO - Log file location: C:\Users\Rudra\OneDrive\Desktop\ClipBoard-Manager-Tool\sys-logs\clipboard-manager-2025-10-16.log
2025-10-16 12:23:05,707 - INFO - Initializing ClipboardManager
2025-10-16 12:23:05,713 - INFO - Removing placeholder
2025-10-16 12:23:05,720 - INFO - Adding label to layout
2025-10-16 12:23:05,721 - INFO - Text already exists in DB for today
2025-10-16 12:23:05,723 - INFO - Adding label to layout
2025-10-16 12:23:05,725 - INFO - Text already exists in DB for today
2025-10-16 12:23:05,731 - INFO - Adding label to layout
2025-10-16 12:23:05,733 - INFO - Text already exists in DB for today
2025-10-16 12:23:05,734 - INFO - Adding label to layout
2025-10-16 12:23:05,734 - INFO - Text already exists in DB for today
2025-10-16 12:23:05,750 - INFO - Adding label to layout
2025-10-16 12:23:05,754 - INFO - Text already exists in DB for today
2025-10-16 12:23:05,756 - INFO - Adding label to layout
2025-10-16 12:23:05,760 - INFO - Text already exists in DB for today
2025-10-16 12:25:16,323 - INFO - Application directory: C:\Users\Rudra\OneDrive\Desktop\ClipBoard-Manager-Tool
2025-10-16 12:25:16,323 - INFO - Log file location: C:\Users\Rudra\OneDrive\Desktop\ClipBoard-Manager-Tool\sys-logs\clipboard-manager-2025-10-16.log
2025-10-16 12:25:17,823 - INFO - Initializing ClipboardManager
2025-10-16 12:25:17,854 - INFO - Removing placeholder
2025-10-16 12:25:17,862 - INFO - Adding label to layout
2025-10-16 12:25:17,863 - INFO - Text already exists in DB for today
2025-10-16 12:25:17,868 - INFO - Adding label to layout
2025-10-16 12:25:17,877 - INFO - Text already exists in DB for today
2025-10-16 12:25:17,888 - INFO - Adding label to layout
2025-10-16 12:25:17,891 - INFO - Text already exists in DB for today
2025-10-16 12:25:17,895 - INFO - Adding label to layout
2025-10-16 12:25:17,897 - INFO - Text already exists in DB for today
2025-10-16 12:25:17,906 - INFO - Adding label to layout
2025-10-16 12:25:17,908 - INFO - Text already exists in DB for today
2025-10-16 12:25:17,911 - INFO - Adding label to layout
2025-10-16 12:25:17,913 - INFO - Text already exists in DB for today
2025-10-16 12:28:12,464 - INFO - Application directory: C:\Users\Rudra\OneDrive\Desktop\ClipBoard-Manager-Tool
2025-10-16 12:28:12,470 - INFO - Log file location: C:\Users\Rudra\OneDrive\Desktop\ClipBoard-Manager-Tool\sys-logs\clipboard-manager-2025-10-16.log
2025-10-16 12:28:15,549 - INFO - Initializing ClipboardManager
2025-10-16 12:28:15,637 - INFO - Removing placeholder
2025-10-16 12:28:15,668 - INFO - Adding label to layout
2025-10-16 12:28:15,670 - INFO - Text already exists in DB for today
2025-10-16 12:28:15,683 - INFO - Adding label to layout
2025-10-16 12:28:15,686 - INFO - Text already exists in DB for today
2025-10-16 12:28:15,691 - INFO - Adding label to layout
2025-10-16 12:28:15,704 - INFO - Text already exists in DB for today
2025-10-16 12:28:15,721 - INFO - Adding label to layout
2025-10-16 12:28:15,727 - INFO - Text already exists in DB for today
2025-10-16 12:28:15,747 - INFO - Adding label to layout
2025-10-16 12:28:15,771 - INFO - Text already exists in DB for today
2025-10-16 12:28:15,826 - INFO - Adding label to layout
2025-10-16 12:28:15,831 - INFO - Text already exists in DB for today
2025-10-16 12:45:52,100 - INFO - Application directory: C:\Users\Rudra\OneDrive\Desktop\ClipBoard-Manager-Tool
2025-10-16 12:45:52,100 - INFO - Log file location: C:\Users\Rudra\OneDrive\Desktop\ClipBoard-Manager-Tool\sys-logs\clipboard-manager-2025-10-16.log
2025-10-16 12:46:57,050 - INFO - Application directory: C:\Users\Rudra\OneDrive\Desktop\ClipBoard-Manager-Tool
2025-10-16 12:46:57,050 - INFO - Log file location: C:\Users\Rudra\OneDrive\Desktop\ClipBoard-Manager-Tool\sys-logs\clipboard-manager-2025-10-16.log
2025-10-16 12:46:58,829 - INFO - Initializing ClipboardManager
2025-10-16 12:46:58,854 - INFO - Removing placeholder
2025-10-16 12:46:58,865 - INFO - Adding label to layout
2025-10-16 12:46:58,866 - INFO - Text already exists in DB for today
2025-10-16 12:46:58,880 - INFO - Adding label to layout
2025-10-16 12:46:58,883 - INFO - Text already exists in DB for today
2025-10-16 12:46:58,893 - INFO - Adding label to layout
2025-10-16 12:46:58,896 - INFO - Text already exists in DB for today
2025-10-16 12:46:58,901 - INFO - Adding label to layout
2025-10-16 12:46:58,907 - INFO - Text already exists in DB for today
2025-10-16 12:46:58,914 - INFO - Adding label to layout
2025-10-16 12:46:58,918 - INFO - Text already exists in DB for today
2025-10-16 12:46:58,920 - INFO - Adding label to layout
2025-10-16 12:46:58,922 - INFO - Text already exists in DB for today
2025-10-16 12:47:13,128 - INFO - Application directory: C:\Users\Rudra\OneDrive\Desktop\ClipBoard-Manager-Tool
2025-10-16 12:47:13,128 - INFO - Log file location: C:\Users\Rudra\OneDrive\Desktop\ClipBoard-Manager-Tool\sys-logs\clipboard-manager-2025-10-16.log
2025-10-16 12:47:14,118 - INFO - Initializing ClipboardManager
2025-10-16 12:47:14,144 - INFO - Removing placeholder
2025-10-16 12:47:14,157 - INFO - Adding label to layout
2025-10-16 12:47:14,160 - INFO - Text already exists in DB for today
2025-10-16 12:47:14,166 - INFO - Adding label to layout
2025-10-16 12:47:14,167 - INFO - Text already exists in DB for today
2025-10-16 12:47:14,174 - INFO - Adding label to layout
2025-10-16 12:47:14,177 - INFO - Text already exists in DB for today
2025-10-16 12:47:14,183 - INFO - Adding label to layout
2025-10-16 12:47:14,190 - INFO - Text already exists in DB for today
2025-10-16 12:47:14,197 - INFO - Adding label to layout
2025-10-16 12:47:14,201 - INFO - Text already exists in DB for today
2025-10-16 12:47:14,209 - INFO - Adding label to layout
2025-10-16 12:47:14,213 - INFO - Text already exists in DB for today
2025-10-16 12:47:24,164 - INFO - btn changed to back....
2025-10-16 12:47:34,451 - INFO - btn changed to history....
2025-10-16 12:47:34,458 - INFO - Restoring all items!
2025-10-16 12:47:34,458 - INFO - Clearing all items!
2025-10-16 12:47:34,458 - INFO - Removing widget: 
2025-10-16 12:47:34,458 - INFO - Removing widget: clipboard_container
2025-10-16 12:47:34,463 - INFO - All items cleared, placeholder restored
2025-10-16 12:47:34,487 - INFO - Restoring labels to layout
2025-10-16 12:47:34,491 - INFO - Restoring labels to layout
2025-10-16 12:47:34,496 - INFO - Restoring labels to layout
2025-10-16 12:47:34,501 - INFO - Restoring labels to layout
2025-10-16 12:47:34,508 - INFO - Restoring labels to layout
2025-10-16 12:47:34,513 - INFO - Restoring labels to layout
2025-10-16 12:47:34,517 - INFO - Removing placeholder
2025-10-16 13:03:08,169 - INFO - Application directory: C:\Users\Rudra\OneDrive\Desktop\ClipBoard-Manager-Tool
2025-10-16 13:03:08,169 - INFO - Log file location: C:\Users\Rudra\OneDrive\Desktop\ClipBoard-Manager-Tool\sys-logs\clipboard-manager-2025-10-16.log
2025-10-16 13:03:09,819 - INFO - Initializing ClipboardManager
2025-10-16 13:03:09,841 - INFO - Removing placeholder
2025-10-16 13:03:09,860 - INFO - Adding label to layout
2025-10-16 13:03:09,862 - INFO - Text already exists in DB for today
2025-10-16 13:03:09,866 - INFO - Adding label to layout
2025-10-16 13:03:09,867 - INFO - Text already exists in DB for today
2025-10-16 13:03:09,871 - INFO - Adding label to layout
2025-10-16 13:03:09,873 - INFO - Text already exists in DB for today
2025-10-16 13:03:09,883 - INFO - Adding label to layout
2025-10-16 13:03:09,886 - INFO - Text already exists in DB for today
2025-10-16 13:03:09,892 - INFO - Adding label to layout
2025-10-16 13:03:09,897 - INFO - Text already exists in DB for today
2025-10-16 13:03:09,901 - INFO - Adding label to layout
2025-10-16 13:03:09,902 - INFO - Text already exists in DB for today
2025-10-16 13:05:04,042 - INFO - Application directory: C:\Users\Rudra\OneDrive\Desktop\ClipBoard-Manager-Tool
2025-10-16 13:05:04,042 - INFO - Log file location: C:\Users\Rudra\OneDrive\Desktop\ClipBoard-Manager-Tool\sys-logs\clipboard-manager-2025-10-16.log
2025-10-16 13:05:04,773 - INFO - Initializing ClipboardManager
2025-10-16 13:05:04,779 - INFO - Removing placeholder
2025-10-16 13:05:04,790 - INFO - Adding label to layout
2025-10-16 13:05:04,792 - INFO - Text already exists in DB for today
2025-10-16 13:05:04,793 - INFO - Adding label to layout
2025-10-16 13:05:04,793 - INFO - Text already exists in DB for today
2025-10-16 13:05:04,803 - INFO - Adding label to layout
2025-10-16 13:05:04,805 - INFO - Text already exists in DB for today
2025-10-16 13:05:04,807 - INFO - Adding label to layout
2025-10-16 13:05:04,809 - INFO - Text already exists in DB for today
2025-10-16 13:05:04,810 - INFO - Adding label to layout
2025-10-16 13:05:04,811 - INFO - Text already exists in DB for today
2025-10-16 13:05:04,812 - INFO - Adding label to layout
2025-10-16 13:05:04,813 - INFO - Text already exists in DB for today
2025-10-16 13:05:26,279 - INFO - Application directory: C:\Users\Rudra\OneDrive\Desktop\ClipBoard-Manager-Tool
2025-10-16 13:05:26,279 - INFO - Log file location: C:\Users\Rudra\OneDrive\Desktop\ClipBoard-Manager-Tool\sys-logs\clipboard-manager-2025-10-16.log
2025-10-16 13:05:27,009 - INFO - Initializing ClipboardManager
2025-10-16 13:05:27,009 - INFO - Removing placeholder
2025-10-16 13:05:27,024 - INFO - Adding label to layout
2025-10-16 13:05:27,025 - INFO - Text already exists in DB for today
2025-10-16 13:05:27,027 - INFO - Adding label to layout
2025-10-16 13:05:27,029 - INFO - Text already exists in DB for today
2025-10-16 13:05:27,036 - INFO - Adding label to layout
2025-10-16 13:05:27,039 - INFO - Text already exists in DB for today
2025-10-16 13:05:27,043 - INFO - Adding label to layout
2025-10-16 13:05:27,045 - INFO - Text already exists in DB for today
2025-10-16 13:05:27,047 - INFO - Adding label to layout
2025-10-16 13:05:27,050 - INFO - Text already exists in DB for today
2025-10-16 13:05:27,051 - INFO - Adding label to layout
2025-10-16 13:05:27,051 - INFO - Text already exists in DB for today
2025-10-16 13:05:44,261 - INFO - Application directory: C:\Users\Rudra\OneDrive\Desktop\ClipBoard-Manager-Tool
2025-10-16 13:05:44,269 - INFO - Log file location: C:\Users\Rudra\OneDrive\Desktop\ClipBoard-Manager-Tool\sys-logs\clipboard-manager-2025-10-16.log
2025-10-16 13:05:45,037 - INFO - Initializing ClipboardManager
2025-10-16 13:05:45,050 - INFO - Removing placeholder
2025-10-16 13:05:45,058 - INFO - Adding label to layout
2025-10-16 13:05:45,059 - INFO - Text already exists in DB for today
2025-10-16 13:05:45,062 - INFO - Adding label to layout
2025-10-16 13:05:45,063 - INFO - Text already exists in DB for today
2025-10-16 13:05:45,069 - INFO - Adding label to layout
2025-10-16 13:05:45,074 - INFO - Text already exists in DB for today
2025-10-16 13:05:45,079 - INFO - Adding label to layout
2025-10-16 13:05:45,081 - INFO - Text already exists in DB for today
2025-10-16 13:05:45,085 - INFO - Adding label to layout
2025-10-16 13:05:45,087 - INFO - Text already exists in DB for today
2025-10-16 13:05:45,092 - INFO - Adding label to layout
2025-10-16 13:05:45,095 - INFO - Text already exists in DB for today
2025-10-16 13:05:57,883 - INFO - Application directory: C:\Users\Rudra\OneDrive\Desktop\ClipBoard-Manager-Tool
2025-10-16 13:05:57,883 - INFO - Log file location: C:\Users\Rudra\OneDrive\Desktop\ClipBoard-Manager-Tool\sys-logs\clipboard-manager-2025-10-16.log
2025-10-16 13:05:58,599 - INFO - Initializing ClipboardManager
2025-10-16 13:05:58,609 - INFO - Removing placeholder
2025-10-16 13:05:58,623 - INFO - Adding label to layout
2025-10-16 13:05:58,623 - INFO - Text already exists in DB for today
2025-10-16 13:05:58,626 - INFO - Adding label to layout
2025-10-16 13:05:58,627 - INFO - Text already exists in DB for today
2025-10-16 13:05:58,631 - INFO - Adding label to layout
2025-10-16 13:05:58,637 - INFO - Text already exists in DB for today
2025-10-16 13:05:58,642 - INFO - Adding label to layout
2025-10-16 13:05:58,645 - INFO - Text already exists in DB for today
2025-10-16 13:05:58,647 - INFO - Adding label to layout
2025-10-16 13:05:58,649 - INFO - Text already exists in DB for today
2025-10-16 13:05:58,650 - INFO - Adding label to layout
2025-10-16 13:05:58,650 - INFO - Text already exists in DB for today
2025-10-16 13:06:44,109 - INFO - Application directory: C:\Users\Rudra\OneDrive\Desktop\ClipBoard-Manager-Tool
2025-10-16 13:06:44,109 - INFO - Log file location: C:\Users\Rudra\OneDrive\Desktop\ClipBoard-Manager-Tool\sys-logs\clipboard-manager-2025-10-16.log
2025-10-16 13:06:44,834 - INFO - Initializing ClipboardManager
2025-10-16 13:06:44,839 - INFO - Removing placeholder
2025-10-16 13:06:44,842 - INFO - Adding label to layout
2025-10-16 13:06:44,843 - INFO - Text already exists in DB for today
2025-10-16 13:06:44,846 - INFO - Adding label to layout
2025-10-16 13:06:44,846 - INFO - Text already exists in DB for today
2025-10-16 13:06:44,847 - INFO - Adding label to layout
2025-10-16 13:06:44,849 - INFO - Text already exists in DB for today
2025-10-16 13:06:44,850 - INFO - Adding label to layout
2025-10-16 13:06:44,851 - INFO - Text already exists in DB for today
2025-10-16 13:06:44,854 - INFO - Adding label to layout
2025-10-16 13:06:44,855 - INFO - Text already exists in DB for today
2025-10-16 13:06:44,855 - INFO - Adding label to layout
2025-10-16 13:06:44,856 - INFO - Text already exists in DB for today
2025-10-16 13:07:13,209 - INFO - Application directory: C:\Users\Rudra\OneDrive\Desktop\ClipBoard-Manager-Tool
2025-10-16 13:07:13,209 - INFO - Log file location: C:\Users\Rudra\OneDrive\Desktop\ClipBoard-Manager-Tool\sys-logs\clipboard-manager-2025-10-16.log
2025-10-16 13:07:14,073 - INFO - Initializing ClipboardManager
2025-10-16 13:07:14,091 - INFO - Removing placeholder
2025-10-16 13:07:14,103 - INFO - Adding label to layout
2025-10-16 13:07:14,104 - INFO - Text already exists in DB for today
2025-10-16 13:07:14,107 - INFO - Adding label to layout
2025-10-16 13:07:14,108 - INFO - Text already exists in DB for today
2025-10-16 13:07:14,112 - INFO - Adding label to layout
2025-10-16 13:07:14,114 - INFO - Text already exists in DB for today
2025-10-16 13:07:14,116 - INFO - Adding label to layout
2025-10-16 13:07:14,119 - INFO - Text already exists in DB for today
2025-10-16 13:07:14,126 - INFO - Adding label to layout
2025-10-16 13:07:14,129 - INFO - Text already exists in DB for today
2025-10-16 13:07:14,131 - INFO - Adding label to layout
2025-10-16 13:07:14,133 - INFO - Text already exists in DB for today
2025-10-16 13:07:37,659 - INFO - btn changed to back....
2025-10-16 13:07:40,384 - INFO - btn changed to history....
2025-10-16 13:07:40,389 - INFO - Restoring all items!
2025-10-16 13:07:40,389 - INFO - Clearing all items!
2025-10-16 13:07:40,389 - INFO - Removing widget: 
2025-10-16 13:07:40,389 - INFO - Removing widget: clipboard_container
2025-10-16 13:07:40,389 - INFO - All items cleared, placeholder restored
2025-10-16 13:07:40,413 - INFO - Restoring labels to layout
2025-10-16 13:07:40,415 - INFO - Restoring labels to layout
2025-10-16 13:07:40,417 - INFO - Restoring labels to layout
2025-10-16 13:07:40,418 - INFO - Restoring labels to layout
2025-10-16 13:07:40,419 - INFO - Restoring labels to layout
2025-10-16 13:07:40,421 - INFO - Restoring labels to layout
2025-10-16 13:07:40,422 - INFO - Removing placeholder
2025-10-16 13:07:41,453 - INFO - btn changed to back....
2025-10-16 13:09:09,649 - INFO - Application directory: C:\Users\Rudra\OneDrive\Desktop\ClipBoard-Manager-Tool
2025-10-16 13:09:09,649 - INFO - Log file location: C:\Users\Rudra\OneDrive\Desktop\ClipBoard-Manager-Tool\sys-logs\clipboard-manager-2025-10-16.log
2025-10-16 13:09:10,299 - INFO - Initializing ClipboardManager
2025-10-16 13:09:10,299 - INFO - Removing placeholder
2025-10-16 13:09:10,313 - INFO - Adding label to layout
2025-10-16 13:09:10,314 - INFO - Text already exists in DB for today
2025-10-16 13:09:10,315 - INFO - Adding label to layout
2025-10-16 13:09:10,316 - INFO - Text already exists in DB for today
2025-10-16 13:09:10,320 - INFO - Adding label to layout
2025-10-16 13:09:10,323 - INFO - Text already exists in DB for today
2025-10-16 13:09:10,326 - INFO - Adding label to layout
2025-10-16 13:09:10,327 - INFO - Text already exists in DB for today
2025-10-16 13:09:10,328 - INFO - Adding label to layout
2025-10-16 13:09:10,329 - INFO - Text already exists in DB for today
2025-10-16 13:09:10,330 - INFO - Adding label to layout
2025-10-16 13:09:10,332 - INFO - Text already exists in DB for today
2025-10-16 13:09:11,732 - INFO - btn changed to back....
2025-10-16 13:10:02,009 - INFO - Application directory: C:\Users\Rudra\OneDrive\Desktop\ClipBoard-Manager-Tool
2025-10-16 13:10:02,009 - INFO - Log file location: C:\Users\Rudra\OneDrive\Desktop\ClipBoard-Manager-Tool\sys-logs\clipboard-manager-2025-10-16.log
2025-10-16 13:10:02,699 - INFO - Initializing ClipboardManager
2025-10-16 13:10:02,704 - INFO - Removing placeholder
2025-10-16 13:10:02,709 - INFO - Adding label to layout
2025-10-16 13:10:02,710 - INFO - Text already exists in DB for today
2025-10-16 13:10:02,711 - INFO - Adding label to layout
2025-10-16 13:10:02,712 - INFO - Text already exists in DB for today
2025-10-16 13:10:02,714 - INFO - Adding label to layout
2025-10-16 13:10:02,715 - INFO - Text already exists in DB for today
2025-10-16 13:10:02,717 - INFO - Adding label to layout
2025-10-16 13:10:02,719 - INFO - Text already exists in DB for today
2025-10-16 13:10:02,721 - INFO - Adding label to layout
2025-10-16 13:10:02,721 - INFO - Text already exists in DB for today
2025-10-16 13:10:02,723 - INFO - Adding label to layout
2025-10-16 13:10:02,723 - INFO - Text already exists in DB for today
2025-10-16 13:10:04,101 - INFO - btn changed to back....
2025-10-16 13:10:27,310 - INFO - Application directory: C:\Users\Rudra\OneDrive\Desktop\ClipBoard-Manager-Tool
2025-10-16 13:10:27,310 - INFO - Log file location: C:\Users\Rudra\OneDrive\Desktop\ClipBoard-Manager-Tool\sys-logs\clipboard-manager-2025-10-16.log
2025-10-16 13:10:28,005 - INFO - Initializing ClipboardManager
2025-10-16 13:10:28,016 - INFO - Removing placeholder
2025-10-16 13:10:28,025 - INFO - Adding label to layout
2025-10-16 13:10:28,025 - INFO - Text already exists in DB for today
2025-10-16 13:10:28,031 - INFO - Adding label to layout
2025-10-16 13:10:28,032 - INFO - Text already exists in DB for today
2025-10-16 13:10:28,039 - INFO - Adding label to layout
2025-10-16 13:10:28,044 - INFO - Text already exists in DB for today
2025-10-16 13:10:28,048 - INFO - Adding label to layout
2025-10-16 13:10:28,051 - INFO - Text already exists in DB for today
2025-10-16 13:10:28,059 - INFO - Adding label to layout
2025-10-16 13:10:28,062 - INFO - Text already exists in DB for today
2025-10-16 13:10:28,065 - INFO - Adding label to layout
2025-10-16 13:10:28,066 - INFO - Text already exists in DB for today
2025-10-16 13:10:29,394 - INFO - btn changed to back....
2025-10-16 13:11:24,995 - INFO - Application directory: C:\Users\Rudra\OneDrive\Desktop\ClipBoard-Manager-Tool
2025-10-16 13:11:24,995 - INFO - Log file location: C:\Users\Rudra\OneDrive\Desktop\ClipBoard-Manager-Tool\sys-logs\clipboard-manager-2025-10-16.log
2025-10-16 13:11:27,523 - INFO - Initializing ClipboardManager
2025-10-16 13:11:27,535 - INFO - Removing placeholder
2025-10-16 13:11:27,545 - INFO - Adding label to layout
2025-10-16 13:11:27,547 - INFO - Text already exists in DB for today
2025-10-16 13:11:27,548 - INFO - Adding label to layout
2025-10-16 13:11:27,550 - INFO - Text already exists in DB for today
2025-10-16 13:11:27,554 - INFO - Adding label to layout
2025-10-16 13:11:27,556 - INFO - Text already exists in DB for today
2025-10-16 13:11:27,561 - INFO - Adding label to layout
2025-10-16 13:11:27,566 - INFO - Text already exists in DB for today
2025-10-16 13:11:27,569 - INFO - Adding label to layout
2025-10-16 13:11:27,571 - INFO - Text already exists in DB for today
2025-10-16 13:11:27,575 - INFO - Adding label to layout
2025-10-16 13:11:27,576 - INFO - Text already exists in DB for today
2025-10-16 13:11:29,488 - INFO - btn changed to back....
2025-10-16 13:15:34,329 - INFO - Application directory: C:\Users\Rudra\OneDrive\Desktop\ClipBoard-Manager-Tool
2025-10-16 13:15:34,329 - INFO - Log file location: C:\Users\Rudra\OneDrive\Desktop\ClipBoard-Manager-Tool\sys-logs\clipboard-manager-2025-10-16.log
2025-10-16 13:15:35,492 - INFO - Initializing ClipboardManager
2025-10-16 13:15:35,499 - INFO - Removing placeholder
2025-10-16 13:15:35,505 - INFO - Adding label to layout
2025-10-16 13:15:35,505 - INFO - Text already exists in DB for today
2025-10-16 13:15:35,507 - INFO - Adding label to layout
2025-10-16 13:15:35,508 - INFO - Text already exists in DB for today
2025-10-16 13:15:35,509 - INFO - Adding label to layout
2025-10-16 13:15:35,510 - INFO - Text already exists in DB for today
2025-10-16 13:15:35,513 - INFO - Adding label to layout
2025-10-16 13:15:35,516 - INFO - Text already exists in DB for today
2025-10-16 13:15:35,521 - INFO - Adding label to layout
2025-10-16 13:15:35,523 - INFO - Text already exists in DB for today
2025-10-16 13:15:35,524 - INFO - Adding label to layout
2025-10-16 13:15:35,526 - INFO - Text already exists in DB for today
2025-10-16 13:15:37,173 - INFO - btn changed to back....
2025-10-16 13:16:08,609 - INFO - Application directory: C:\Users\Rudra\OneDrive\Desktop\ClipBoard-Manager-Tool
2025-10-16 13:16:08,609 - INFO - Log file location: C:\Users\Rudra\OneDrive\Desktop\ClipBoard-Manager-Tool\sys-logs\clipboard-manager-2025-10-16.log
2025-10-16 13:16:09,342 - INFO - Initializing ClipboardManager
2025-10-16 13:16:09,352 - INFO - Removing placeholder
2025-10-16 13:16:09,359 - INFO - Adding label to layout
2025-10-16 13:16:09,364 - INFO - Text already exists in DB for today
2025-10-16 13:16:09,368 - INFO - Adding label to layout
2025-10-16 13:16:09,371 - INFO - Text already exists in DB for today
2025-10-16 13:16:09,375 - INFO - Adding label to layout
2025-10-16 13:16:09,378 - INFO - Text already exists in DB for today
2025-10-16 13:16:09,379 - INFO - Adding label to layout
2025-10-16 13:16:09,384 - INFO - Text already exists in DB for today
2025-10-16 13:16:09,388 - INFO - Adding label to layout
2025-10-16 13:16:09,389 - INFO - Text already exists in DB for today
2025-10-16 13:16:09,394 - INFO - Adding label to layout
2025-10-16 13:16:09,394 - INFO - Text already exists in DB for today
2025-10-16 13:16:10,824 - INFO - btn changed to back....
2025-10-16 13:16:36,295 - INFO - Application directory: C:\Users\Rudra\OneDrive\Desktop\ClipBoard-Manager-Tool
2025-10-16 13:16:36,295 - INFO - Log file location: C:\Users\Rudra\OneDrive\Desktop\ClipBoard-Manager-Tool\sys-logs\clipboard-manager-2025-10-16.log
2025-10-16 13:16:37,022 - INFO - Initializing ClipboardManager
2025-10-16 13:16:37,030 - INFO - Removing placeholder
2025-10-16 13:16:37,039 - INFO - Adding label to layout
2025-10-16 13:16:37,041 - INFO - Text already exists in DB for today
2025-10-16 13:16:37,042 - INFO - Adding label to layout
2025-10-16 13:16:37,045 - INFO - Text already exists in DB for today
2025-10-16 13:16:37,046 - INFO - Adding label to layout
2025-10-16 13:16:37,047 - INFO - Text already exists in DB for today
2025-10-16 13:16:37,048 - INFO - Adding label to layout
2025-10-16 13:16:37,049 - INFO - Text already exists in DB for today
2025-10-16 13:16:37,053 - INFO - Adding label to layout
2025-10-16 13:16:37,055 - INFO - Text already exists in DB for today
2025-10-16 13:16:37,059 - INFO - Adding label to layout
2025-10-16 13:16:37,060 - INFO - Text already exists in DB for today
2025-10-16 13:16:38,493 - INFO - btn changed to back....
2025-10-16 13:17:02,589 - INFO - Application directory: C:\Users\Rudra\OneDrive\Desktop\ClipBoard-Manager-Tool
2025-10-16 13:17:02,589 - INFO - Log file location: C:\Users\Rudra\OneDrive\Desktop\ClipBoard-Manager-Tool\sys-logs\clipboard-manager-2025-10-16.log
2025-10-16 13:17:03,451 - INFO - Initializing ClipboardManager
2025-10-16 13:17:03,453 - INFO - Removing placeholder
2025-10-16 13:17:03,459 - INFO - Adding label to layout
2025-10-16 13:17:03,460 - INFO - Text already exists in DB for today
2025-10-16 13:17:03,462 - INFO - Adding label to layout
2025-10-16 13:17:03,462 - INFO - Text already exists in DB for today
2025-10-16 13:17:03,462 - INFO - Adding label to layout
2025-10-16 13:17:03,462 - INFO - Text already exists in DB for today
2025-10-16 13:17:03,470 - INFO - Adding label to layout
2025-10-16 13:17:03,471 - INFO - Text already exists in DB for today
2025-10-16 13:17:03,472 - INFO - Adding label to layout
2025-10-16 13:17:03,472 - INFO - Text already exists in DB for today
2025-10-16 13:17:03,479 - INFO - Adding label to layout
2025-10-16 13:17:03,481 - INFO - Text already exists in DB for today
2025-10-16 13:17:04,679 - INFO - btn changed to back....
2025-10-16 13:17:22,014 - INFO - Application directory: C:\Users\Rudra\OneDrive\Desktop\ClipBoard-Manager-Tool
2025-10-16 13:17:22,014 - INFO - Log file location: C:\Users\Rudra\OneDrive\Desktop\ClipBoard-Manager-Tool\sys-logs\clipboard-manager-2025-10-16.log
2025-10-16 13:17:22,713 - INFO - Initializing ClipboardManager
2025-10-16 13:17:22,716 - INFO - Removing placeholder
2025-10-16 13:17:22,723 - INFO - Adding label to layout
2025-10-16 13:17:22,724 - INFO - Text already exists in DB for today
2025-10-16 13:17:22,725 - INFO - Adding label to layout
2025-10-16 13:17:22,725 - INFO - Text already exists in DB for today
2025-10-16 13:17:22,729 - INFO - Adding label to layout
2025-10-16 13:17:22,729 - INFO - Text already exists in DB for today
2025-10-16 13:17:22,731 - INFO - Adding label to layout
2025-10-16 13:17:22,732 - INFO - Text already exists in DB for today
2025-10-16 13:17:22,733 - INFO - Adding label to layout
2025-10-16 13:17:22,734 - INFO - Text already exists in DB for today
2025-10-16 13:17:22,735 - INFO - Adding label to layout
2025-10-16 13:17:22,735 - INFO - Text already exists in DB for today
2025-10-16 13:17:23,853 - INFO - btn changed to back....
2025-10-16 13:17:35,989 - INFO - Application directory: C:\Users\Rudra\OneDrive\Desktop\ClipBoard-Manager-Tool
2025-10-16 13:17:35,989 - INFO - Log file location: C:\Users\Rudra\OneDrive\Desktop\ClipBoard-Manager-Tool\sys-logs\clipboard-manager-2025-10-16.log
2025-10-16 13:17:36,689 - INFO - Initializing ClipboardManager
2025-10-16 13:17:36,699 - INFO - Removing placeholder
2025-10-16 13:17:36,706 - INFO - Adding label to layout
2025-10-16 13:17:36,707 - INFO - Text already exists in DB for today
2025-10-16 13:17:36,709 - INFO - Adding label to layout
2025-10-16 13:17:36,709 - INFO - Text already exists in DB for today
2025-10-16 13:17:36,709 - INFO - Adding label to layout
2025-10-16 13:17:36,709 - INFO - Text already exists in DB for today
2025-10-16 13:17:36,719 - INFO - Adding label to layout
2025-10-16 13:17:36,723 - INFO - Text already exists in DB for today
2025-10-16 13:17:36,728 - INFO - Adding label to layout
2025-10-16 13:17:36,729 - INFO - Text already exists in DB for today
2025-10-16 13:17:36,732 - INFO - Adding label to layout
2025-10-16 13:17:36,733 - INFO - Text already exists in DB for today
2025-10-16 13:17:38,061 - INFO - btn changed to back....
2025-10-16 13:17:57,219 - INFO - btn changed to history....
2025-10-16 13:17:57,226 - INFO - Restoring all items!
2025-10-16 13:17:57,227 - INFO - Clearing all items!
2025-10-16 13:17:57,228 - INFO - Removing widget: 
2025-10-16 13:17:57,233 - INFO - All items cleared, placeholder restored
2025-10-16 13:17:57,247 - INFO - Restoring labels to layout
2025-10-16 13:17:57,250 - INFO - Restoring labels to layout
2025-10-16 13:17:57,254 - INFO - Restoring labels to layout
2025-10-16 13:17:57,260 - INFO - Restoring labels to layout
2025-10-16 13:17:57,266 - INFO - Restoring labels to layout
2025-10-16 13:17:57,271 - INFO - Restoring labels to layout
2025-10-16 13:17:57,272 - INFO - Removing placeholder
2025-10-16 13:18:03,100 - INFO - btn changed to back....
2025-10-16 13:18:29,361 - INFO - Application directory: C:\Users\Rudra\OneDrive\Desktop\ClipBoard-Manager-Tool
2025-10-16 13:18:29,362 - INFO - Log file location: C:\Users\Rudra\OneDrive\Desktop\ClipBoard-Manager-Tool\sys-logs\clipboard-manager-2025-10-16.log
2025-10-16 13:18:30,207 - INFO - Initializing ClipboardManager
2025-10-16 13:18:30,220 - INFO - Removing placeholder
2025-10-16 13:18:30,229 - INFO - Adding label to layout
2025-10-16 13:18:30,230 - INFO - Text already exists in DB for today
2025-10-16 13:18:30,234 - INFO - Adding label to layout
2025-10-16 13:18:30,241 - INFO - Text already exists in DB for today
2025-10-16 13:18:30,248 - INFO - Adding label to layout
2025-10-16 13:18:30,249 - INFO - Text already exists in DB for today
2025-10-16 13:18:30,252 - INFO - Adding label to layout
2025-10-16 13:18:30,254 - INFO - Text already exists in DB for today
2025-10-16 13:18:30,257 - INFO - Adding label to layout
2025-10-16 13:18:30,259 - INFO - Text already exists in DB for today
2025-10-16 13:18:30,261 - INFO - Adding label to layout
2025-10-16 13:18:30,263 - INFO - Text already exists in DB for today
2025-10-16 13:18:31,508 - INFO - btn changed to back....
2025-10-16 13:19:36,529 - INFO - Application directory: C:\Users\Rudra\OneDrive\Desktop\ClipBoard-Manager-Tool
2025-10-16 13:19:36,529 - INFO - Log file location: C:\Users\Rudra\OneDrive\Desktop\ClipBoard-Manager-Tool\sys-logs\clipboard-manager-2025-10-16.log
2025-10-16 13:19:37,249 - INFO - Initializing ClipboardManager
2025-10-16 13:19:37,256 - INFO - Removing placeholder
2025-10-16 13:19:37,268 - INFO - Adding label to layout
2025-10-16 13:19:37,269 - INFO - Text already exists in DB for today
2025-10-16 13:19:37,270 - INFO - Adding label to layout
2025-10-16 13:19:37,270 - INFO - Text already exists in DB for today
2025-10-16 13:19:37,277 - INFO - Adding label to layout
2025-10-16 13:19:37,278 - INFO - Text already exists in DB for today
2025-10-16 13:19:37,281 - INFO - Adding label to layout
2025-10-16 13:19:37,281 - INFO - Text already exists in DB for today
2025-10-16 13:19:37,289 - INFO - Adding label to layout
2025-10-16 13:19:37,290 - INFO - Text already exists in DB for today
2025-10-16 13:19:37,292 - INFO - Adding label to layout
2025-10-16 13:19:37,295 - INFO - Text already exists in DB for today
2025-10-16 13:19:38,640 - INFO - btn changed to back....
2025-10-16 13:19:49,600 - INFO - btn changed to history....
2025-10-16 13:19:49,605 - INFO - Restoring all items!
2025-10-16 13:19:49,605 - INFO - Clearing all items!
2025-10-16 13:19:49,605 - INFO - Removing widget: 
2025-10-16 13:19:49,605 - INFO - All items cleared, placeholder restored
2025-10-16 13:19:49,613 - INFO - Restoring labels to layout
2025-10-16 13:19:49,615 - INFO - Restoring labels to layout
2025-10-16 13:19:49,616 - INFO - Restoring labels to layout
2025-10-16 13:19:49,619 - INFO - Restoring labels to layout
2025-10-16 13:19:49,620 - INFO - Restoring labels to layout
2025-10-16 13:19:49,621 - INFO - Restoring labels to layout
2025-10-16 13:19:49,623 - INFO - Removing placeholder
2025-10-16 13:19:59,156 - INFO - Saved to DB: btn = QPushButton(str(day))
  ...
2025-10-16 13:19:59,161 - INFO - Adding label to layout
2025-10-16 13:19:59,163 - INFO - Text already exists in DB for today
2025-10-16 13:20:01,539 - INFO - Saved to DB: ays + 1):
            is_today...
2025-10-16 13:20:01,544 - INFO - Adding label to layout
2025-10-16 13:20:01,547 - INFO - Text already exists in DB for today
2025-10-16 13:20:04,539 - INFO - Saved to DB: border...
2025-10-16 13:20:04,541 - INFO - Adding label to layout
2025-10-16 13:20:04,544 - INFO - Text already exists in DB for today
2025-10-16 13:20:08,302 - INFO - Saved to DB: #3d3a3a;...
2025-10-16 13:20:08,302 - INFO - Adding label to layout
2025-10-16 13:20:08,310 - INFO - Text already exists in DB for today
2025-10-16 13:20:15,009 - INFO - Saved to DB: 2px solid #34D399...
2025-10-16 13:20:15,011 - INFO - Adding label to layout
2025-10-16 13:20:15,011 - INFO - Text already exists in DB for today
2025-10-16 13:47:07,130 - INFO - Application directory: C:\Users\Rudra\OneDrive\Desktop\ClipBoard-Manager-Tool
2025-10-16 13:47:07,130 - INFO - Log file location: C:\Users\Rudra\OneDrive\Desktop\ClipBoard-Manager-Tool\sys-logs\clipboard-manager-2025-10-16.log
2025-10-16 13:47:08,400 - INFO - Initializing ClipboardManager
2025-10-16 13:47:08,430 - INFO - Removing placeholder
2025-10-16 13:47:08,433 - INFO - Adding label to layout
2025-10-16 13:47:08,439 - INFO - Text already exists in DB for today
2025-10-16 13:47:08,440 - INFO - Adding label to layout
2025-10-16 13:47:08,440 - INFO - Text already exists in DB for today
2025-10-16 13:47:08,440 - INFO - Adding label to layout
2025-10-16 13:47:08,440 - INFO - Text already exists in DB for today
2025-10-16 13:47:08,447 - INFO - Adding label to layout
2025-10-16 13:47:08,448 - INFO - Text already exists in DB for today
2025-10-16 13:47:08,450 - INFO - Adding label to layout
2025-10-16 13:47:08,450 - INFO - Text already exists in DB for today
2025-10-16 13:47:08,452 - INFO - Adding label to layout
2025-10-16 13:47:08,453 - INFO - Text already exists in DB for today
2025-10-16 13:47:08,455 - INFO - Adding label to layout
2025-10-16 13:47:08,456 - INFO - Text already exists in DB for today
2025-10-16 13:47:08,458 - INFO - Adding label to layout
2025-10-16 13:47:08,460 - INFO - Text already exists in DB for today
2025-10-16 13:47:08,460 - INFO - Adding label to layout
2025-10-16 13:47:08,464 - INFO - Text already exists in DB for today
2025-10-16 13:47:08,472 - INFO - Adding label to layout
2025-10-16 13:47:08,474 - INFO - Text already exists in DB for today
2025-10-16 13:47:08,476 - INFO - Adding label to layout
2025-10-16 13:47:08,478 - INFO - Text already exists in DB for today
