2025-06-02 14:14:35,865 - INFO - Initializing ClipboardManager
2025-06-02 14:14:35,891 - INFO - Removing placeholder
2025-06-02 14:14:35,899 - INFO - Adding label to layout
2025-06-02 14:14:35,899 - INFO - Text already exists in DB for today
2025-06-02 14:14:35,906 - INFO - Adding label to layout
2025-06-02 14:14:35,908 - INFO - Text already exists in DB for today
2025-06-02 14:14:35,910 - INFO - Adding label to layout
2025-06-02 14:14:35,911 - INFO - Text already exists in DB for today
2025-06-02 14:14:35,912 - INFO - Adding label to layout
2025-06-02 14:14:35,913 - INFO - Text already exists in DB for today
2025-06-02 14:14:35,917 - INFO - Adding label to layout
2025-06-02 14:14:35,919 - INFO - Text already exists in DB for today
2025-06-02 14:14:35,923 - INFO - Adding label to layout
2025-06-02 14:14:35,925 - INFO - Text already exists in DB for today
2025-06-02 14:14:35,931 - INFO - Adding label to layout
2025-06-02 14:14:35,932 - INFO - Text already exists in DB for today
2025-06-02 14:14:43,173 - INFO - Saved to DB: today...
2025-06-02 14:14:43,175 - INFO - Adding label to layout
2025-06-02 14:14:43,176 - INFO - Text already exists in DB for today
2025-06-02 14:16:29,004 - INFO - Initializing ClipboardManager
2025-06-02 14:16:29,072 - INFO - Removing placeholder
2025-06-02 14:16:29,079 - INFO - Adding label to layout
2025-06-02 14:16:29,081 - INFO - Text already exists in DB for today
2025-06-02 14:16:29,085 - INFO - Adding label to layout
2025-06-02 14:16:29,085 - INFO - Text already exists in DB for today
2025-06-02 14:16:29,093 - INFO - Adding label to layout
2025-06-02 14:16:29,095 - INFO - Text already exists in DB for today
2025-06-02 14:16:29,098 - INFO - Adding label to layout
2025-06-02 14:16:29,099 - INFO - Text already exists in DB for today
2025-06-02 14:16:29,104 - INFO - Adding label to layout
2025-06-02 14:16:29,110 - INFO - Text already exists in DB for today
2025-06-02 14:16:29,118 - INFO - Adding label to layout
2025-06-02 14:16:29,121 - INFO - Text already exists in DB for today
2025-06-02 14:16:29,125 - INFO - Adding label to layout
2025-06-02 14:16:29,127 - INFO - Text already exists in DB for today
2025-06-02 14:16:29,130 - INFO - Adding label to layout
2025-06-02 14:16:29,132 - INFO - Text already exists in DB for today
2025-06-02 14:16:40,633 - INFO - Saved to DB: [Normal Mode] Copied: today
[N...
2025-06-02 14:16:40,637 - INFO - Adding label to layout
2025-06-02 14:16:40,640 - INFO - Text already exists in DB for today
2025-06-02 14:17:23,844 - INFO - Saved to DB: Layout now has 9 items
2025-06...
2025-06-02 14:17:23,847 - INFO - Adding label to layout
2025-06-02 14:17:23,852 - INFO - Text already exists in DB for today
2025-06-02 14:17:28,787 - INFO - Saved to DB: [Normal Mode] Copied: today
[N...
2025-06-02 14:17:28,794 - INFO - Adding label to layout
2025-06-02 14:17:28,798 - INFO - Text already exists in DB for today
