2025-12-17 22:21:47,237 - INFO - Application directory: C:\Users\Rudra\OneDrive\Desktop\ClipBoard-Manager-Tool
2025-12-17 22:21:47,238 - INFO - Log file location: C:\Users\Rudra\OneDrive\Desktop\ClipBoard-Manager-Tool\sys-logs\clipboard-manager-2025-12-17.log
2025-12-17 22:21:48,888 - INFO - Initializing ClipboardManager
2025-12-17 22:21:51,311 - INFO - btn changed to back....
2025-12-17 22:22:04,187 - INFO - btn changed to history....
2025-12-17 22:22:04,191 - INFO - Restoring all items!
2025-12-17 22:22:04,192 - INFO - Clearing all items!
2025-12-17 22:22:04,192 - INFO - Removing widget: 
2025-12-17 22:22:04,196 - INFO - Removing widget: clipboard_container
2025-12-17 22:22:04,197 - INFO - All items cleared, placeholder restored
2025-12-17 22:22:04,207 - INFO - DATA IS YET TO BE ENTRIED
2025-12-17 22:22:05,146 - INFO - btn changed to back....
2025-12-17 22:22:34,970 - INFO - btn changed to history....
2025-12-17 22:22:34,972 - INFO - Restoring all items!
2025-12-17 22:22:34,973 - INFO - Clearing all items!
2025-12-17 22:22:34,973 - INFO - Removing widget: 
2025-12-17 22:22:34,974 - INFO - Removing widget: clipboard_container
2025-12-17 22:22:34,975 - INFO - All items cleared, placeholder restored
2025-12-17 22:22:34,975 - INFO - DATA IS YET TO BE ENTRIED
2025-12-17 22:22:36,081 - INFO - btn changed to back....
2025-12-17 22:22:41,871 - INFO - btn changed to history....
2025-12-17 22:22:41,873 - INFO - Restoring all items!
2025-12-17 22:22:41,875 - INFO - Clearing all items!
2025-12-17 22:22:41,876 - INFO - Removing widget: 
2025-12-17 22:22:41,877 - INFO - Removing widget: clipboard_container
2025-12-17 22:22:41,879 - INFO - All items cleared, placeholder restored
2025-12-17 22:22:41,881 - INFO - DATA IS YET TO BE ENTRIED
2025-12-17 22:22:42,666 - INFO - btn changed to back....
2025-12-17 22:23:39,526 - INFO - Application directory: C:\Users\Rudra\OneDrive\Desktop\ClipBoard-Manager-Tool
2025-12-17 22:23:39,526 - INFO - Log file location: C:\Users\Rudra\OneDrive\Desktop\ClipBoard-Manager-Tool\sys-logs\clipboard-manager-2025-12-17.log
2025-12-17 22:23:40,324 - INFO - Initializing ClipboardManager
2025-12-17 22:23:41,684 - INFO - btn changed to back....
2025-12-17 22:25:06,265 - INFO - Application directory: C:\Users\Rudra\OneDrive\Desktop\ClipBoard-Manager-Tool
2025-12-17 22:25:06,266 - INFO - Log file location: C:\Users\Rudra\OneDrive\Desktop\ClipBoard-Manager-Tool\sys-logs\clipboard-manager-2025-12-17.log
2025-12-17 22:25:07,128 - INFO - Initializing ClipboardManager
2025-12-17 22:25:08,400 - INFO - btn changed to back....
2025-12-17 22:25:43,246 - INFO - Application directory: C:\Users\Rudra\OneDrive\Desktop\ClipBoard-Manager-Tool
2025-12-17 22:25:43,247 - INFO - Log file location: C:\Users\Rudra\OneDrive\Desktop\ClipBoard-Manager-Tool\sys-logs\clipboard-manager-2025-12-17.log
2025-12-17 22:25:44,256 - INFO - Initializing ClipboardManager
2025-12-17 22:25:45,834 - INFO - btn changed to back....
2025-12-17 22:25:48,470 - INFO - btn changed to history....
2025-12-17 22:25:48,472 - INFO - Restoring all items!
2025-12-17 22:25:48,473 - INFO - Clearing all items!
2025-12-17 22:25:48,473 - INFO - Removing widget: 
2025-12-17 22:25:48,475 - INFO - All items cleared, placeholder restored
2025-12-17 22:25:48,476 - INFO - DATA IS YET TO BE ENTRIED
2025-12-17 22:25:51,803 - INFO - Saved to DB: Loaded 0 items from DB
2025-12...
2025-12-17 22:25:51,804 - INFO - Removing placeholder
2025-12-17 22:25:51,809 - INFO - Adding label to layout
2025-12-17 22:25:51,809 - INFO - Text already exists in DB for today
2025-12-17 22:25:56,858 - INFO - btn changed to back....
2025-12-17 22:40:16,869 - INFO - Application directory: C:\Users\Rudra\OneDrive\Desktop\ClipBoard-Manager-Tool
2025-12-17 22:40:16,869 - INFO - Log file location: C:\Users\Rudra\OneDrive\Desktop\ClipBoard-Manager-Tool\sys-logs\clipboard-manager-2025-12-17.log
2025-12-17 22:40:18,679 - INFO - Initializing ClipboardManager
2025-12-17 22:40:18,720 - INFO - Removing placeholder
2025-12-17 22:40:18,726 - INFO - Adding label to layout
2025-12-17 22:40:18,726 - INFO - Text already exists in DB for today
2025-12-17 22:40:21,178 - INFO - btn changed to back....
2025-12-17 22:40:27,926 - INFO - btn changed to history....
2025-12-17 22:40:27,926 - INFO - Restoring all items!
2025-12-17 22:40:27,926 - INFO - Clearing all items!
2025-12-17 22:40:27,926 - INFO - Removing widget: 
2025-12-17 22:40:27,926 - INFO - All items cleared, placeholder restored
2025-12-17 22:40:27,953 - INFO - Restoring labels to layout
2025-12-17 22:40:27,954 - INFO - Removing placeholder
2025-12-17 22:40:29,700 - INFO - btn changed to back....
2025-12-17 22:40:35,428 - INFO - btn changed to history....
2025-12-17 22:40:35,428 - INFO - Restoring all items!
2025-12-17 22:40:35,430 - INFO - Clearing all items!
2025-12-17 22:40:35,430 - INFO - Removing widget: 
2025-12-17 22:40:35,430 - INFO - Removing widget: clipboard_container
2025-12-17 22:40:35,430 - INFO - All items cleared, placeholder restored
2025-12-17 22:40:35,437 - INFO - Restoring labels to layout
2025-12-17 22:40:35,438 - INFO - Removing placeholder
2025-12-17 22:40:36,130 - INFO - btn changed to back....
